make all --print-data-base --no-builtin-variables --no-builtin-rules --question
# GNU Make 3.81
# Copyright (C) 2006  Free Software Foundation, Inc.
# This is free software; see the source for copying conditions.
# There is NO warranty; not even for MERCHANTABILITY or FITNESS FOR A
# PARTICULAR PURPOSE.

# This program built for i386-apple-darwin11.3.0
 

# Make data base, printed on Tue Jan  4 14:42:09 2022

# Variables

 
make: *** No rule to make target `all'.  Stop.
 
# automatic
<D = $(patsubst %/,%,$(dir $<))
# automatic
?F = $(notdir $?)
# environment
LC_CTYPE = en_US.UTF-8
# automatic
?D = $(patsubst %/,%,$(dir $?))
# automatic
@D = $(patsubst %/,%,$(dir $@))
# automatic
@F = $(notdir $@)
# makefile
CURDIR := /Users/hyunjung/42seoul/cadet/gnl
# makefile
SHELL = /bin/sh
# environment
VSCODE_NLS_CONFIG = {"locale":"en-us","availableLanguages":{},"_languagePackSupport":true}
# environment
_ = /usr/bin/make
# makefile
MAKEFILE_LIST := 
# environment
VSCODE_NODE_CACHED_DATA_DIR = 
# environment
VERBOSE_LOGGING = true
# environment
VSCODE_LOGS = /Users/hyunjung/Library/Application Support/Code/logs/20220104T123312
# environment
LOGIN_SHELL = 1
# environment
VSCODE_IPC_HOOK_EXTHOST = /var/folders/zz/zyxvpxvq6csfxvn_n000cl_m0034tn/T/vscode-ipc-235ffc50-c8d6-4f7f-875b-4240d0921263.sock
# environment
VSCODE_CWD = /Users/hyunjung/42seoul/cadet
# environment
PATH = /usr/local/bin:/usr/bin:/bin:/usr/sbin:/sbin:/usr/local/munki
# environment
LSCOLORS = Gxfxcxdxbxegedabagacad
# environment
VSCODE_LOG_STACK = false
# environment
ELECTRON_RUN_AS_NODE = 1
# default
.FEATURES := target-specific order-only second-expansion else-if archives jobserver check-symlink
# environment
SSH_AUTH_SOCK = /private/tmp/com.apple.launchd.U9UTbFAzuZ/Listeners
# automatic
%F = $(notdir $%)
# environment
PWD = /Users/hyunjung/42seoul/cadet/gnl
# environment
HOME = /Users/hyunjung
# environment
TERMINAL_EMULATOR = JetBrains-JediTerm
# default
MAKEFILEPATH := /Applications/Xcode.app/Contents/Developer/Makefiles
# environment
LOGNAME = hyunjung
# environment
APPLICATION_INSIGHTS_NO_DIAGNOSTIC_CHANNEL = true
# environment
ZSH = /Users/hyunjung/.oh-my-zsh
# environment
VSCODE_HANDLES_UNCAUGHT_ERRORS = true
# automatic
^D = $(patsubst %/,%,$(dir $^))
# environment
XPC_FLAGS = 0x0
# environment
COLORTERM = truecolor
# default
MAKE = $(MAKE_COMMAND)
# default
MAKECMDGOALS := all
# environment
SHLVL = 2
# default
MAKE_VERSION := 3.81
# environment
AMD_ENTRYPOINT = vs/workbench/services/extensions/node/extensionHostProcess
# environment
USER = hyunjung
# makefile
.DEFAULT_GOAL := 
# environment
TERM_SESSION_ID = 970c1913-847f-4ce8-a94e-4e9ffd962875
# environment
PIPE_LOGGING = true
# environment
LESS = -R
# automatic
%D = $(patsubst %/,%,$(dir $%))
# default
MAKE_COMMAND := /Applications/Xcode.app/Contents/Developer/usr/bin/make
# environment
TERM_PROGRAM = vscode
# default
.VARIABLES := 
# environment
TMPDIR = /var/folders/zz/zyxvpxvq6csfxvn_n000cl_m0034tn/T/
# automatic
*F = $(notdir $*)
# environment
VSCODE_IPC_HOOK = /Users/hyunjung/Library/Application Support/Code/1.39.2-main.sock
# makefile
MAKEFLAGS = Rrqp
# environment
MFLAGS = -Rrqp
# automatic
*D = $(patsubst %/,%,$(dir $*))
# environment
TERM_PROGRAM_VERSION = 1.39.2
# environment
XPC_SERVICE_NAME = com.microsoft.VSCode.2124.51E3CE5F-34FD-4C65-9208-1EDEBC12905D
# automatic
+D = $(patsubst %/,%,$(dir $+))
# automatic
+F = $(notdir $+)
# environment
__INTELLIJ_COMMAND_HISTFILE__ = /Users/hyunjung/Library/Caches/JetBrains/CLion2021.3/terminal/history/untitled-history
# environment
__CF_USER_TEXT_ENCODING = 0x19355:0x0:0x0
# default
MAKEFILES := 
# automatic
<F = $(notdir $<)
# environment
PAGER = less
# environment
LC_ALL = C
# automatic
^F = $(notdir $^)
# default
SUFFIXES := 
# default
.INCLUDE_DIRS = /usr/local/include
# environment
MAKELEVEL := 0
# environment
LANG = C
# environment
TERM = xterm-256color
# environment
VSCODE_PID = 93249
# variable set hash-table stats:
# Load=72/1024=7%, Rehash=0, Collisions=2/93=2%

# Pattern-specific Variable Values

# No pattern-specific variable values.

# Directories

# . (device 16777226, inode 9328378): 13 files, no impossibilities.

# 13 files, no impossibilities in 1 directories.

# Implicit Rules

# No implicit rules.

# Files

# Not a target:
all:
#  Command-line target.
#  Implicit rule search has been done.
#  File does not exist.
#  File has not been updated.
# variable set hash-table stats:
# Load=0/32=0%, Rehash=0, Collisions=0/0=0%

# Not a target:
.SUFFIXES:
#  Implicit rule search has not been done.
#  Modification time never checked.
#  File has not been updated.

# Not a target:
Makefile:
#  A default, MAKEFILES, or -include/sinclude makefile.
#  Implicit rule search has been done.
#  File does not exist.
#  File has been updated.
#  Failed to be updated.
# variable set hash-table stats:
# Load=0/32=0%, Rehash=0, Collisions=0/0=0%

# Not a target:
makefile:
#  A default, MAKEFILES, or -include/sinclude makefile.
#  Implicit rule search has been done.
#  File does not exist.
#  File has been updated.
#  Failed to be updated.
# variable set hash-table stats:
# Load=0/32=0%, Rehash=0, Collisions=0/0=0%

# Not a target:
.DEFAULT:
#  Implicit rule search has not been done.
#  Modification time never checked.
#  File has not been updated.

# Not a target:
GNUmakefile:
#  A default, MAKEFILES, or -include/sinclude makefile.
#  Implicit rule search has been done.
#  File does not exist.
#  File has been updated.
#  Failed to be updated.
# variable set hash-table stats:
# Load=0/32=0%, Rehash=0, Collisions=0/0=0%

# files hash-table stats:
# Load=6/1024=1%, Rehash=0, Collisions=0/17=0%
# VPATH Search Paths

# No `vpath' search paths.

# No general (`VPATH' variable) search path.

# # of strings in strcache: 0
# # of strcache buffers: 0
# strcache size: total = 0 / max = 0 / min = 4096 / avg = 0
# strcache free: total = 0 / max = 0 / min = 4096 / avg = 0

# Finished Make data base on Tue Jan  4 14:42:09 2022

 
